0 info it worked if it ends with ok
1 verbose cli [ 'C:\\Program Files\\nodejs\\node.exe',
1 verbose cli   'C:\\Program Files\\nodejs\\node_modules\\npm\\bin\\npm-cli.js',
1 verbose cli   'start' ]
2 info using npm@4.0.5
3 info using node@v4.2.1
4 verbose run-script [ 'prestart', 'start', 'poststart' ]
5 info lifecycle CongeMaladie@0.0.0~prestart: CongeMaladie@0.0.0
6 silly lifecycle CongeMaladie@0.0.0~prestart: no script for prestart, continuing
7 info lifecycle CongeMaladie@0.0.0~start: CongeMaladie@0.0.0
8 verbose lifecycle CongeMaladie@0.0.0~start: unsafe-perm in lifecycle true
9 verbose lifecycle CongeMaladie@0.0.0~start: PATH: C:\Program Files\nodejs\node_modules\npm\bin\node-gyp-bin;D:\S5\GestionDeproject\projet\CongeMaladie-V\node_modules\.bin;C:\Users\ABDO-U\bin;C:\Program Files\Git\mingw64\bin;C:\Program Files\Git\usr\local\bin;C:\Program Files\Git\usr\bin;C:\Program Files\Git\usr\bin;C:\Program Files\Git\mingw64\bin;C:\Program Files\Git\usr\bin;C:\Users\ABDO-U\bin;C:\app\ABDO-U\product\11.2.0\dbhome_1\bin;C:\ProgramData\Oracle\Java\javapath;C:\Windows\system32;C:\Windows;C:\Windows\System32\Wbem;C:\Windows\System32\WindowsPowerShell\v1.0;C:\Program Files\Intel\WiFi\bin;C:\Program Files\Common Files\Intel\WirelessCommon;C:\Windows\system32\config\systemprofile\.dnx\bin;C:\Program Files\Microsoft DNX\Dnvm;C:\Program Files\Microsoft SQL Server\120\Tools\Binn;C:\Program Files\nodejs;C:\Program Files (x86)\Windows Live\Shared;C:\Program Files (x86)\Brackets\command;C:\Program Files\Git\cmd;C:\Program Files\Microsoft SQL Server\120\DTS\Binn;C:\Program Files\Microsoft SQL Server\Client SDK\ODBC\110\Tools\Binn;C:\Program Files (x86)\Microsoft SQL Server\120\Tools\Binn;C:\Program Files (x86)\Microsoft SQL Server\120\Tools\Binn\ManagementStudio;C:\Program Files (x86)\Microsoft SQL Server\120\DTS\Binn;C:\Program Files\Microsoft SQL Server\130\Tools\Binn;C:\Program Files (x86)\Microsoft SQL Server\110\DTS\Binn;C:\Program Files (x86)\Microsoft SQL Server\130\DTS\Binn;C:\Program Files (x86)\Cracklock\Bin;C:\Program Files\Intel\WiFi\bin;C:\Program Files\Common Files\Intel\WirelessCommon;C:\Users\ABDO-U\AppData\Roaming\npm;D:\Unreal engine\pluralsight\wget64.exe;C:\Program Files\Git\usr\bin\vendor_perl;C:\Program Files\Git\usr\bin\core_perl
10 verbose lifecycle CongeMaladie@0.0.0~start: CWD: D:\S5\GestionDeproject\projet\CongeMaladie-V
11 silly lifecycle CongeMaladie@0.0.0~start: Args: [ '/d /s /c', 'node ./bin/www' ]
12 silly lifecycle CongeMaladie@0.0.0~start: Returned: code: 1  signal: null
13 info lifecycle CongeMaladie@0.0.0~start: Failed to exec start script
14 verbose stack Error: CongeMaladie@0.0.0 start: `node ./bin/www`
14 verbose stack Exit status 1
14 verbose stack     at EventEmitter.<anonymous> (C:\Program Files\nodejs\node_modules\npm\lib\utils\lifecycle.js:279:16)
14 verbose stack     at emitTwo (events.js:87:13)
14 verbose stack     at EventEmitter.emit (events.js:172:7)
14 verbose stack     at ChildProcess.<anonymous> (C:\Program Files\nodejs\node_modules\npm\lib\utils\spawn.js:40:14)
14 verbose stack     at emitTwo (events.js:87:13)
14 verbose stack     at ChildProcess.emit (events.js:172:7)
14 verbose stack     at maybeClose (internal/child_process.js:818:16)
14 verbose stack     at Process.ChildProcess._handle.onexit (internal/child_process.js:211:5)
15 verbose pkgid CongeMaladie@0.0.0
16 verbose cwd D:\S5\GestionDeproject\projet\CongeMaladie-V
17 error Windows_NT 6.3.9600
18 error argv "C:\\Program Files\\nodejs\\node.exe" "C:\\Program Files\\nodejs\\node_modules\\npm\\bin\\npm-cli.js" "start"
19 error node v4.2.1
20 error npm  v4.0.5
21 error code ELIFECYCLE
22 error CongeMaladie@0.0.0 start: `node ./bin/www`
22 error Exit status 1
23 error Failed at the CongeMaladie@0.0.0 start script 'node ./bin/www'.
23 error Make sure you have the latest version of node.js and npm installed.
23 error If you do, this is most likely a problem with the CongeMaladie package,
23 error not with npm itself.
23 error Tell the author that this fails on your system:
23 error     node ./bin/www
23 error You can get information on how to open an issue for this project with:
23 error     npm bugs CongeMaladie
23 error Or if that isn't available, you can get their info via:
23 error     npm owner ls CongeMaladie
23 error There is likely additional logging output above.
24 verbose exit [ 1, true ]
